<?xml version="1.0" encoding="UTF-8"?>
<testsuites name="Mocha Tests" time="0.544" tests="1" failures="0">
  <testsuite name="Root Suite" timestamp="2019-01-18T09:50:45" tests="0" failures="0" time="0">
  </testsuite>
  <testsuite name="Phoneword List Test Suite" timestamp="2019-01-18T09:50:45" tests="1" failures="0" time="0.544">
    <testcase name="Phoneword List Test Suite Should render the app without crashing" time="0.544" classname="Should render the app without crashing">
    </testcase>
  </testsuite>
</testsuites>