<?xml version="1.0" encoding="UTF-8"?>
<testsuites name="Mocha Tests" time="0.526" tests="1" failures="0">
  <testsuite name="Root Suite" timestamp="2019-01-10T10:57:46" tests="0" failures="0" time="0">
  </testsuite>
  <testsuite name="Initial test suite" timestamp="2019-01-10T10:57:47" tests="1" failures="0" time="0.526">
    <testcase name="Initial test suite Should render the access pages correctly without crashing" time="0.526" classname="Should render the access pages correctly without crashing">
    </testcase>
  </testsuite>
</testsuites>